# This is twsearch 0.2 (C) 2020 Tomas Rokicki.
# ./twsearch -M 125000 -H -g samples/12x12x12.tws
Created new moves F2 F' 2F2 2F' 3F2 3F' 4F2 4F' 5F2 5F' 6F2 6F' 6B2 6B' 5B2 5B' 4B2 4B' 3B2 3B' 2B2 2B' B2 B' D2 D' 2D2 2D' 3D2 3D' 4D2 4D' 5D2 5D' 6D2 6D' 6U2 6U' 5U2 5U' 4U2 4U' 3U2 3U' 2U2 2U' U2 U' L2 L' 2L2 2L' 3L2 3L' 4L2 4L' 5L2 5L' 6L2 6L' 6R2 6R' 5R2 5R' 4R2 4R' 3R2 3R' 2R2 2R' R2 R'
State size is about 4.95283 x 10^514 log2 1709.78
Requiring 2335 bits 16 bytes per entry; 16 from identity.
Found 37 canonical move states.
Calculated canonical states in 0.0266039
Using canonical sequences and arrays.
Dist 0 cnt 1 tot 1 in 0.0001389980316162109
Dist 1 cnt 108 tot 109 in 0.0001349449157714844
Dist 2 cnt 9558 tot 9667 in 0.01089000701904297
Dist 3 cnt 833700 tot 843367 in 1.267287969589233
Dist 4 cnt 72523854 tot 73367221 in 87.95092511177063
Dist 5 cnt 6300728326 tot 6374095547 in 7469.423591852188
Created 1817904452 elements in 1629.906773090363
to 1806476821 in 996.4776558876038
Created 1817904452 elements in 10.28974103927612
to 1817688703 in 355.6104819774628
Created 1817904452 elements in 0.1879010200500488
to 1817899190 in 431.5783710479736
Created 1817904452 elements in 0.03254413604736328
to 1817904422 in 631.6061069965363
Created 1817904452 elements in 0.02588391304016113
to 1817904451 in 596.4978160858154
Created 1817904452 elements in 0.03873991966247559
to 1817904452 in 724.5672340393066
