# This is twsearch 0.2 (C) 2020 Tomas Rokicki.
# ./twsearch -M 125000 -H -g samples/13x13x13.tws
Created new moves F2 F' 2F2 2F' 3F2 3F' 4F2 4F' 5F2 5F' 6F2 6F' 6B2 6B' 5B2 5B' 4B2 4B' 3B2 3B' 2B2 2B' B2 B' D2 D' 2D2 2D' 3D2 3D' 4D2 4D' 5D2 5D' 6D2 6D' 6U2 6U' 5U2 5U' 4U2 4U' 3U2 3U' 2U2 2U' U2 U' L2 L' 2L2 2L' 3L2 3L' 4L2 4L' 5L2 5L' 6L2 6L' 6R2 6R' 5R2 5R' 4R2 4R' 3R2 3R' 2R2 2R' R2 R'
State size is about 1.75271 x 10^604 log2 2007.25
Requiring 2735 bits 16 bytes per entry; 16 from identity.
Found 37 canonical move states.
Calculated canonical states in 0.027051
Using canonical sequences and arrays.
Dist 0 cnt 1 tot 1 in 0.0003478527069091797
Dist 1 cnt 108 tot 109 in 0.0004341602325439453
Dist 2 cnt 9558 tot 9667 in 0.03611493110656738
Dist 3 cnt 833700 tot 843367 in 1.380340099334717
Dist 4 cnt 72523854 tot 73367221 in 99.527263879776
Dist 5 cnt 6300728326 tot 6374095547 in 8575.060815095901
Created 1817904452 elements in 2045.462038040161
to 1806476821 in 1107.165181875229
Created 1817904452 elements in 12.88773012161255
to 1817688703 in 511.6195697784424
Created 1817904452 elements in 0.2291991710662842
to 1817899190 in 514.727884054184
Created 1817904452 elements in 0.3768107891082764
to 1817904422 in 306.3705739974976
Created 1817904452 elements in 9.608268737792969e-05
to 1817904451 in 321.626405954361
Created 1817904452 elements in 0.0001261234283447266
to 1817904452 in 340.040107011795
