# This is twsearch 0.2 (C) 2020 Tomas Rokicki.
# ./twsearch -M 240000 -g samples/2x2x2.tws
Created new moves F2 F' B2 B' D2 D' U2 U' L2 L' R2 R'
State size is 88179840 log2 26.3939
Requiring 35 bits 8 bytes per entry; 8 from identity.
Found 7 canonical move states.
Calculated canonical states in 0.000640869
Using twobit arrays.
Sizes [2187] 40320
Making symcoord lookup table size 2187 x 18 in 0.003879070281982422
Dist 0 cnt 1 tot 1 in 0.00828099250793457
Dist 1 cnt 18 tot 19 in 0.03873586654663086
Dist 2 cnt 243 tot 262 in 0.04608011245727539
Dist 3 cnt 2874 tot 3136 in 0.03896689414978027
Dist 4 cnt 28000 tot 31136 in 0.04138708114624023
Dist 5 cnt 205416 tot 236552 in 0.05538105964660645
Dist 6 cnt 1168516 tot 1405068 in 0.1246638298034668
Dist 7 cnt 5402628 tot 6807696 in 0.3044002056121826
Dist 8 cnt 20776176 tot 27583872 in 0.6654989719390869
Dist 9 cnt 45391616 tot 72975488 in 1.596848011016846
Dist 10 cnt 15139616 tot 88115104 in 0.5580809116363525
Dist 11 cnt 64736 tot 88179840 in 0.1762549877166748
Showing 20 antipodes.
Scramble noname
   CORNER
   1 2 3 4 5 6 7 8
    1 0 0 1 1 1 0 2
End
Scramble noname
   CORNER
   1 2 3 4 5 6 7 8
    1 2 0 1 1 1 0 0
End
Scramble noname
   CORNER
   1 2 3 4 5 6 7 8
    1 0 2 1 1 1 0 0
End
Scramble noname
   CORNER
   1 2 3 4 5 6 7 8
    2 0 0 2 2 2 0 1
End
Scramble noname
   CORNER
   1 2 3 4 5 6 7 8
    2 1 0 2 2 2 0 0
End
Scramble noname
   CORNER
   1 2 3 4 5 6 7 8
    2 0 1 2 2 2 0 0
End
Scramble noname
   CORNER
   1 2 3 4 5 6 7 8
    2 1 1 0 0 0 1 1
End
Scramble noname
   CORNER
   1 2 3 4 5 6 7 8
    0 1 1 2 0 0 1 1
End
Scramble noname
   CORNER
   1 2 3 4 5 6 7 8
    0 1 1 0 2 0 1 1
End
Scramble noname
   CORNER
   1 2 3 4 5 6 7 8
    1 1 1 1 1 1 1 2
End
Scramble noname
   CORNER
   1 2 3 4 5 6 7 8
    2 1 1 1 1 1 1 1
End
Scramble noname
   CORNER
   1 2 3 4 5 6 7 8
    1 2 1 1 1 1 1 1
End
Scramble noname
   CORNER
   1 2 3 4 5 6 7 8
    1 1 2 1 1 1 1 1
End
Scramble noname
   CORNER
   1 2 3 4 5 6 7 8
    1 1 1 2 1 1 1 1
End
Scramble noname
   CORNER
   1 2 3 4 5 6 7 8
    1 1 1 1 2 1 1 1
End
Scramble noname
   CORNER
   1 2 3 4 5 6 7 8
    0 1 1 0 0 2 1 1
End
Scramble noname
   CORNER
   1 2 3 4 5 6 7 8
    1 1 1 1 1 2 1 1
End
Scramble noname
   CORNER
   1 2 3 4 5 6 7 8
    2 0 0 2 2 2 1 0
End
Scramble noname
   CORNER
   1 2 3 4 5 6 7 8
    2 2 2 2 2 2 1 2
End
Scramble noname
   CORNER
   1 2 3 4 5 6 7 8
    1 2 2 0 0 0 2 2
End
