! out of memory
ch 0.2 (C) 2020 Tomas Rokicki.
# ./twsearch -M 30000 -g samples/3x3x3.tws
Created new moves F2 F' B2 B' D2 D' U2 U' L2 L' R2 R'
State size is about 8.6504 x 10^19 log2 66.2294
Requiring 90 bits 12 bytes per entry; 12 from identity.
Found 7 canonical move states.
Calculated canonical states in 0.000464916
Using canonical sequences and arrays.
Dist 0 cnt 1 tot 1 in 7.319450378417969e-05
Dist 1 cnt 18 tot 19 in 3.194808959960938e-05
Dist 2 cnt 243 tot 262 in 0.0001740455627441406
Dist 3 cnt 3240 tot 3502 in 0.002274036407470703
Dist 4 cnt 43239 tot 46741 in 0.0163569450378418
Dist 5 cnt 574908 tot 621649 in 0.1791269779205322
Dist 6 cnt 7618438 tot 8240087 in 2.955621004104614
Dist 7 cnt 100803036 tot 109043123 in 46.64322090148926
Dist 8 cnt 1332343288 tot 1441386411 in 567.2780020236969
Created 1180053588 elements in 153.9431810379028
to 1144064463 in 361.6199550628662
Created 1180053588 elements in 3.973065853118896
to 1178820947 in 256.4794871807098
Created 1180053588 elements in 0.1405999660491943
to 1180022478 in 242.9893569946289
Created 1180053588 elements in 0.003494024276733398
to 1180049440 in 223.3373780250549
Created 1180053588 elements in 0.0005209445953369141
to 1180049498 in 225.323518037796
Created 1180053588 elements in 0.0005168914794921875
to 1180053210 in 228.2362489700317
Created 1180053588 elements in 0.0001001358032226562
to 1180053582 in 233.508780002594
Created 1180053588 elements in 5.888938903808594e-05
to 1180053588 in 210.3419499397278
