# This is twsearch 0.2 (C) 2020 Tomas Rokicki.
# ./twsearch -M 240000 -t 8 -F -g symmsamples/3x3x3.tws
Created new moves F2 F' B2 B' D2 D' U2 U' L2 L' R2 R'
Rotation group size is 24
State size is about 8.6504 x 10^19 log2 66.2294
Requiring 91 bits 12 bytes per entry; 12 from identity.
Found 7 canonical move states.
Calculated canonical states in 0.00116301
Using sorting bfs symm and arrays.
Dist 0 cnt 1 tot 1 scnt 1 stot 1 in 0.0001249313354492188
Dist 1 cnt 3 tot 4 scnt 18 stot 19 in 9.799003601074219e-05
Dist 2 cnt 15 tot 19 scnt 243 stot 262 in 0.0001909732818603516
Dist 3 cnt 144 tot 163 scnt 3240 stot 3502 in 0.00045013427734375
Dist 4 cnt 1845 tot 2008 scnt 43239 stot 46741 in 0.003568887710571289
Dist 5 cnt 24090 tot 26098 scnt 574908 stot 621649 in 0.01517915725708008
Dist 6 cnt 318030 tot 344128 scnt 7618438 stot 8240087 in 0.1567788124084473
Dist 7 cnt 4202427 tot 4546555 scnt 100803036 stot 109043123 in 1.91618800163269
Dist 8 cnt 55521951 tot 60068506 scnt 1332343288 stot 1441386411 in 24.04279112815857
Dist 9 cnt 733215344 tot 793283850 scnt 17596479795 stot 19037866206 in 311.8557810783386
Dist 10 cnt 9677105370 tot 10470389220 scnt 232248063316 stot 251285929522 in 4348.196302890778
