! out of memory
ch 0.2 (C) 2020 Tomas Rokicki.
# ./twsearch -M 30000 -F -g symmsamples/4x4x4.tws
Created new moves F2 F' 2F2 2F' 2B2 2B' B2 B' D2 D' 2D2 2D' 2U2 2U' U2 U' L2 L' 2L2 2L' 2R2 2R' R2 R'
Rotation group size is 24
State size is about 1.77629 x 10^47 log2 156.959
Requiring 220 bits 28 bytes per entry; 36 from identity.
Found 13 canonical move states.
Calculated canonical states in 0.00240612
Using sorting bfs symm and arrays.
Dist 0 cnt 1 tot 1 scnt 1 stot 1 in 0.0001330375671386719
Dist 1 cnt 6 tot 7 scnt 36 stot 37 in 0.0002200603485107422
Dist 2 cnt 66 tot 73 scnt 1026 stot 1063 in 0.0007867813110351562
Dist 3 cnt 1278 tot 1351 scnt 28812 stot 29875 in 0.004022121429443359
Dist 4 cnt 34054 tot 35405 scnt 806772 stot 836647 in 0.03061389923095703
Dist 5 cnt 942046 tot 977451 scnt 22538576 stot 23375223 in 0.7502560615539551
Dist 6 cnt 26217639 tot 27195090 scnt 628765430 stot 652140653 in 19.73853993415833
Dist 7 cnt 730395204 tot 757590294 scnt 17526319492 stot 18178460145 in 548.8350791931152
Created 366861441 elements in 154.6385979652405
to 328329710 in 40.31210803985596
Created 366861441 elements in 15.57855200767517
to 362491757 in 40.23479795455933
