# This is twsearch 0.2 (C) 2020 Tomas Rokicki.
# ./twsearch -M 250000 -H -g samples/4x4x4obtm.tws
Created new moves F2 F' f2 f' b2 b' B2 B' D2 D' d2 d' u2 u' U2 U' L2 L' l2 l' r2 r' R2 R'
State size is about 1.77629 x 10^47 log2 156.959
Requiring 219 bits 16 bytes per entry; 16 from identity.
Found 13 canonical move states.
Calculated canonical states in 0.0117781
Using canonical sequences and arrays.
Dist 0 cnt 1 tot 1 in 5.698204040527344e-05
Dist 1 cnt 36 tot 37 in 1.597404479980469e-05
Dist 2 cnt 1026 tot 1063 in 0.0002548694610595703
Dist 3 cnt 28146 tot 29209 in 0.007702112197875977
Dist 4 cnt 754156 tot 783365 in 0.2578048706054688
Dist 5 cnt 19740588 tot 20523953 in 8.843012094497681
Dist 6 cnt 505446290 tot 525970243 in 286.3464660644531
Created 15858029756 elements in 1771.083333969116
to 11116403132 in 5299.467046022415
Dist 7 cnt 12675616194 tot 13201586437 in 3826.378473997116
Created 3182413562 elements in 494.7717289924622
to 2359145646 in 2324.937268018723
Created 3182413562 elements in 91.57135391235352
to 2763707744 in 1522.874346971512
Created 3182413562 elements in 46.79230403900146
to 3005549804 in 1359.716510057449
Created 3182413562 elements in 20.54095196723938
to 3151914365 in 2186.969633102417
Created 3182413562 elements in 3.318282842636108
to 3169558798 in 1052.303482055664
Created 3182413562 elements in 1.406745910644531
to 3178988111 in 1155.219240188599
Created 3182413562 elements in 0.3884739875793457
to 3182144593 in 1155.016465902328
Created 3182413562 elements in 0.1051120758056641
to 3182384337 in 1243.453352928162
Created 3182413562 elements in 0.04251909255981445
to 3182411600 in 1182.11236000061
Created 3182413562 elements in 0.0003268718719482422
to 3182413508 in 981.1866359710693
Created 3182413562 elements in 0.0001111030578613281
to 3182413562 in 1271.144541025162
