# This is twsearch 0.2 (C) 2020 Tomas Rokicki.
# ./twsearch -M 60000 -t 8 -F -g symmsamples/4x4x4.tws
Created new moves F2 F' 2F2 2F' 2B2 2B' B2 B' D2 D' 2D2 2D' 2U2 2U' U2 U' L2 L' 2L2 2L' 2R2 2R' R2 R'
Rotation group size is 24
State size is about 1.77629 x 10^47 log2 156.959
Requiring 220 bits 28 bytes per entry; 36 from identity.
Found 13 canonical move states.
Calculated canonical states in 0.000830173
Using sorting bfs symm and arrays.
Dist 0 cnt 1 tot 1 scnt 1 stot 1 in 5.888938903808594e-05
Dist 1 cnt 6 tot 7 scnt 36 stot 37 in 0.0001001358032226562
Dist 2 cnt 66 tot 73 scnt 1026 stot 1063 in 0.0002789497375488281
Dist 3 cnt 1278 tot 1351 scnt 28812 stot 29875 in 0.002107858657836914
Dist 4 cnt 34054 tot 35405 scnt 806772 stot 836647 in 0.02995896339416504
Dist 5 cnt 942046 tot 977451 scnt 22538576 stot 23375223 in 0.6967530250549316
Dist 6 cnt 26217639 tot 27195090 scnt 628765430 stot 652140653 in 17.93108201026917
Dist 7 cnt 730395204 tot 757590294 scnt 17526319492 stot 18178460145 in 485.6339461803436
Created 1490335727 elements in 597.1419579982758
to 1320909844 in 115.4515669345856
Created 1490335727 elements in 66.0058810710907
to 1468428042 in 111.7829518318176
