# This is twsearch 0.2 (C) 2020 Tomas Rokicki.
# ./twsearch -q -M 30000 -t 8 -F -g symmsamples/4x4x4obtm.tws
Created new moves F2 F' f2 f' b2 b' B2 B' D2 D' d2 d' u2 u' U2 U' L2 L' l2 l' r2 r' R2 R'
Rotation group size is 24
State size is about 1.77629 x 10^47 log2 156.959
Requiring 220 bits 28 bytes per entry; 36 from identity.
For quarter turn, rewrote bases to 25
Found 37 canonical move states.
Calculated canonical states in 0.00527906
Using sorting bfs symm and arrays.
Dist 0 cnt 1 tot 1 scnt 1 stot 1 in 0.0003449916839599609
Dist 1 cnt 4 tot 5 scnt 24 stot 25 in 0.0001800060272216797
Dist 2 cnt 32 tot 37 scnt 468 stot 493 in 0.0003478527069091797
Dist 3 cnt 408 tot 445 scnt 8712 stot 9205 in 0.001948118209838867
Dist 4 cnt 6775 tot 7220 scnt 158282 stot 167487 in 0.01752495765686035
Dist 5 cnt 118250 tot 125470 scnt 2818584 stot 2986071 in 0.1609599590301514
Dist 6 cnt 2058738 tot 2184208 scnt 49314066 stot 52300137 in 1.524928092956543
Dist 7 cnt 35392757 tot 37576965 scnt 848955696 stot 901255833 in 24.35131597518921
Dist 8 cnt 599850819 tot 637427784 scnt 14394168440 stot 15295424273 in 406.5256299972534
Created 488230708 elements in 206.04536485672
to 445441311 in 56.47344613075256
Created 488230708 elements in 15.83933997154236
to 484063902 in 38.66585397720337
