# This is twsearch 0.2 (C) 2020 Tomas Rokicki.
# ./twsearch -M 60000 -t 8 -F -g symmsamples/5x5x5.tws
Created new moves F2 F' 2F2 2F' 2B2 2B' B2 B' D2 D' 2D2 2D' 2U2 2U' U2 U' L2 L' 2L2 2L' 2R2 2R' R2 R'
Rotation group size is 24
State size is about 4.07334 x 10^77 log2 257.815
Requiring 359 bits 48 bytes per entry; 60 from identity.
Found 13 canonical move states.
Calculated canonical states in 0.00124097
Using sorting bfs symm and arrays.
Dist 0 cnt 1 tot 1 scnt 1 stot 1 in 5.984306335449219e-05
Dist 1 cnt 6 tot 7 scnt 36 stot 37 in 0.0001192092895507812
Dist 2 cnt 66 tot 73 scnt 1026 stot 1063 in 0.0005028247833251953
Dist 3 cnt 1278 tot 1351 scnt 28812 stot 29875 in 0.00425410270690918
Dist 4 cnt 34063 tot 35414 scnt 806988 stot 836863 in 0.0701439380645752
Dist 5 cnt 942899 tot 978313 scnt 22560614 stot 23397477 in 1.897803068161011
Dist 6 cnt 26281039 tot 27259352 scnt 630305787 stot 653703264 in 56.11096096038818
Dist 7 cnt 733667474 tot 760926826 scnt 17604983902 stot 18258687166 in 1452.139522075653
Created 550771486 elements in 591.0424289703369
to 484206487 in 216.0726509094238
Created 550771486 elements in 67.66543698310852
to 541892935 in 158.5413279533386
