! out of memory
ch 0.2 (C) 2020 Tomas Rokicki.
# ./twsearch -M 30000 -g samples/5x5x5obtm.tws
Created new moves F2 F' f2 f' b2 b' B2 B' D2 D' d2 d' u2 u' U2 U' L2 L' l2 l' r2 r' R2 R'
State size is about 5.65742 x 10^74 log2 248.323
Requiring 343 bits 44 bytes per entry; 56 from identity.
Found 13 canonical move states.
Calculated canonical states in 0.000593901
Using canonical sequences and arrays.
Dist 0 cnt 1 tot 1 in 4.601478576660156e-05
Dist 1 cnt 36 tot 37 in 2.503395080566406e-05
Dist 2 cnt 1026 tot 1063 in 0.0004589557647705078
Dist 3 cnt 28836 tot 29899 in 0.01411199569702148
Dist 4 cnt 810831 tot 840730 in 0.6232700347900391
Dist 5 cnt 22782408 tot 23623138 in 19.34734797477722
Dist 6 cnt 639784436 tot 663407574 in 465.3640751838684
Created 51530606 elements in 20.90938186645508
to 51470245 in 36.91254591941833
Created 51530606 elements in 0.0168612003326416
to 51530574 in 18.21393799781799
Created 51530606 elements in 6.890296936035156e-05
to 51530606 in 12.69243788719177
