! out of memory
ch 0.2 (C) 2020 Tomas Rokicki.
# ./twsearch -M 30000 -g samples/5x5x5.tws
Created new moves F2 F' 2F2 2F' 2B2 2B' B2 B' D2 D' 2D2 2D' 2U2 2U' U2 U' L2 L' 2L2 2L' 2R2 2R' R2 R'
State size is about 5.65742 x 10^74 log2 248.323
Requiring 343 bits 44 bytes per entry; 56 from identity.
Found 13 canonical move states.
Calculated canonical states in 0.000593185
Using canonical sequences and arrays.
Dist 0 cnt 1 tot 1 in 4.792213439941406e-05
Dist 1 cnt 36 tot 37 in 2.408027648925781e-05
Dist 2 cnt 1026 tot 1063 in 0.0004649162292480469
Dist 3 cnt 28812 tot 29875 in 0.01477599143981934
Dist 4 cnt 806988 tot 836863 in 0.5826380252838135
Dist 5 cnt 22560614 tot 23397477 in 21.38558888435364
Dist 6 cnt 630305787 tot 653703264 in 474.8082020282745
Created 61234916 elements in 23.84227800369263
to 60571437 in 70.22747302055359
Created 61234916 elements in 0.1831109523773193
to 61227206 in 38.53482699394226
Created 61234916 elements in 0.002238988876342773
to 61234915 in 20.66120505332947
Created 61234916 elements in 5.412101745605469e-05
to 61234916 in 12.16599702835083
