# This is twsearch 0.2 (C) 2020 Tomas Rokicki.
# ./twsearch -M 60000 -t 8 -F -g symmsamples/5x5x5obtm.tws
Created new moves F2 F' f2 f' b2 b' B2 B' D2 D' d2 d' u2 u' U2 U' L2 L' l2 l' r2 r' R2 R'
Rotation group size is 24
State size is about 4.07334 x 10^77 log2 257.815
Requiring 359 bits 48 bytes per entry; 60 from identity.
Found 13 canonical move states.
Calculated canonical states in 0.00124097
Using sorting bfs symm and arrays.
Dist 0 cnt 1 tot 1 scnt 1 stot 1 in 6.318092346191406e-05
Dist 1 cnt 6 tot 7 scnt 36 stot 37 in 0.0001180171966552734
Dist 2 cnt 66 tot 73 scnt 1026 stot 1063 in 0.0005040168762207031
Dist 3 cnt 1278 tot 1351 scnt 28836 stot 29899 in 0.004262924194335938
Dist 4 cnt 34208 tot 35559 scnt 810831 stot 840730 in 0.07208704948425293
Dist 5 cnt 952024 tot 987583 scnt 22782408 stot 23623138 in 1.972632884979248
Dist 6 cnt 26675317 tot 27662900 scnt 639784436 stot 663407574 in 63.78961205482483
Dist 7 cnt 748627716 tot 776290616 scnt 17964154272 stot 18627561846 in 1501.51496887207
Created 535416966 elements in 590.7015881538391
to 472379871 in 201.2130739688873
Created 535416966 elements in 68.95901107788086
to 527063163 in 156.5913209915161
