# This is twsearch 0.2 (C) 2020 Tomas Rokicki.
# ./twsearch -q -M 120000 -t 1 -F -g qsymmsamples/6x6x6obtm.tws
Created new moves F2 F' f2 f' 3f2 3f' 3b2 3b' b2 b' B2 B' D2 D' d2 d' 3d2 3d' 3u2 3u' u2 u' U2 U' L2 L' l2 l' 3l2 3l' 3r2 3r' r2 r' R2 R'
Rotation group size is 24
State size is about 3.77167 x 10^117 log2 390.581
Requiring 542 bits 68 bytes per entry; 92 from identity.
For quarter turn, rewrote bases to 37
Found 55 canonical move states.
Calculated canonical states in 0.00707293
Using sorting bfs symm and arrays.
Dist 0 cnt 1 tot 1 scnt 1 stot 1 in 0.0006639957427978516
Dist 1 cnt 6 tot 7 scnt 36 stot 37 in 0.0004179477691650391
Dist 2 cnt 72 tot 79 scnt 1062 stot 1099 in 0.001708984375
Dist 3 cnt 1400 tot 1479 scnt 30468 stot 31567 in 0.005473136901855469
Dist 4 cnt 36724 tot 38203 scnt 865061 stot 896628 in 0.1662099361419678
Dist 5 cnt 1018788 tot 1056991 scnt 24351840 stot 25248468 in 2.106343030929565
Dist 6 cnt 28368136 tot 29425127 scnt 680176314 stot 705424782 in 54.69677400588989
Dist 7 cnt 786031341 tot 815456468 scnt 18860197536 stot 19565622318 in 1417.185704946518
Created 1036028757 elements in 793.32017993927
to 958182712 in 610.3309080600739
Created 1036028757 elements in 60.56914210319519
to 1031118565 in 355.7124569416046
