# This is twsearch 0.2 (C) 2020 Tomas Rokicki.
# ./twsearch -q -M 120000 -t 1 -F -g qsymmsamples/7x7x7obtm.tws
Created new moves F2 F' f2 f' 3f2 3f' 3b2 3b' b2 b' B2 B' D2 D' d2 d' 3d2 3d' 3u2 3u' u2 u' U2 U' L2 L' l2 l' 3l2 3l' 3r2 3r' r2 r' R2 R'
Rotation group size is 24
State size is about 2.80808 x 10^163 log2 542.964
Requiring 750 bits 96 bytes per entry; 132 from identity.
For quarter turn, rewrote bases to 37
Found 55 canonical move states.
Calculated canonical states in 0.00438595
Using sorting bfs symm and arrays.
Dist 0 cnt 1 tot 1 scnt 1 stot 1 in 0.0003302097320556641
Dist 1 cnt 6 tot 7 scnt 36 stot 37 in 0.0003159046173095703
Dist 2 cnt 72 tot 79 scnt 1062 stot 1099 in 0.001332998275756836
Dist 3 cnt 1406 tot 1485 scnt 30900 stot 31999 in 0.00986790657043457
Dist 4 cnt 38079 tot 39564 scnt 899109 stot 931108 in 0.1196820735931396
Dist 5 cnt 1093968 tot 1133532 scnt 26162712 stot 27093820 in 3.520550012588501
Dist 6 cnt 31746803 tot 32880335 scnt 761292420 stot 788386240 in 94.60116004943848
Dist 7 cnt 923195834 tot 956076169 scnt 22152185256 stot 22940571496 in 2667.965513944626
Created 355777362 elements in 561.0896229743958
to 331170429 in 211.0531580448151
Created 355777362 elements in 38.35406899452209
to 353690249 in 157.636843919754
