! out of memory
ch 0.2 (C) 2020 Tomas Rokicki.
# ./twsearch -M 120000 -g samples/8x8x8obtm.tws
Created new moves F2 F' f2 f' 3f2 3f' 4f2 4f' 4b2 4b' 3b2 3b' b2 b' B2 B' D2 D' d2 d' 3d2 3d' 4d2 4d' 4u2 4u' 3u2 3u' u2 u' U2 U' L2 L' l2 l' 3l2 3l' 4l2 4l' 4r2 4r' 3r2 3r' r2 r' R2 R'
State size is about 8.44171 x 10^218 log2 727.258
Requiring 1001 bits 128 bytes per entry; 180 from identity.
Found 25 canonical move states.
Calculated canonical states in 0.003227
Using canonical sequences and arrays.
Dist 0 cnt 1 tot 1 in 9.584426879882812e-05
Dist 1 cnt 72 tot 73 in 0.0001180171966552734
Dist 2 cnt 4212 tot 4285 in 0.005784988403320312
Dist 3 cnt 241662 tot 245947 in 0.2493560314178467
Dist 4 cnt 13801807 tot 14047754 in 18.58894610404968
Dist 5 cnt 784708020 tot 798755774 in 1052.608840942383
Created 184284225 elements in 133.6421899795532
to 178064479 in 159.4651989936829
Created 184284225 elements in 4.145457983016968
to 184149527 in 84.78184294700623
Created 184284225 elements in 0.08814501762390137
to 184283079 in 80.47156500816345
Created 184284225 elements in 0.0008051395416259766
to 184284222 in 71.88054490089417
Created 184284225 elements in 5.793571472167969e-05
to 184284225 in 53.54965901374817
