! out of memory
ch 0.2 (C) 2020 Tomas Rokicki.
# ./twsearch -M 120000 -g samples/8x8x8.tws
Created new moves F2 F' 2F2 2F' 3F2 3F' 4F2 4F' 4B2 4B' 3B2 3B' 2B2 2B' B2 B' D2 D' 2D2 2D' 3D2 3D' 4D2 4D' 4U2 4U' 3U2 3U' 2U2 2U' U2 U' L2 L' 2L2 2L' 3L2 3L' 4L2 4L' 4R2 4R' 3R2 3R' 2R2 2R' R2 R'
State size is about 8.44171 x 10^218 log2 727.258
Requiring 1001 bits 128 bytes per entry; 180 from identity.
Found 25 canonical move states.
Calculated canonical states in 0.00380802
Using canonical sequences and arrays.
Dist 0 cnt 1 tot 1 in 9.298324584960938e-05
Dist 1 cnt 72 tot 73 in 0.0001220703125
Dist 2 cnt 4212 tot 4285 in 0.005843877792358398
Dist 3 cnt 242784 tot 247069 in 0.2528362274169922
Dist 4 cnt 13950471 tot 14197540 in 19.22851395606995
Dist 5 cnt 800297634 tot 814495174 in 1047.979653835297
Created 168544825 elements in 123.6644940376282
to 167439715 in 277.6561980247498
Created 168544825 elements in 0.7438931465148926
to 168521295 in 95.93437886238098
Created 168544825 elements in 0.01546692848205566
to 168544812 in 100.1431541442871
Created 168544825 elements in 9.799003601074219e-05
to 168544825 in 57.08007407188416
