# This is twsearch 0.2 (C) 2020 Tomas Rokicki.
# ./twsearch -q -M 30000 -t 8 -F -g symmsamples/8x8x8obtm.tws
Created new moves F2 F' f2 f' 3f2 3f' 4f2 4f' 4b2 4b' 3b2 3b' b2 b' B2 B' D2 D' d2 d' 3d2 3d' 4d2 4d' 4u2 4u' 3u2 3u' u2 u' U2 U' L2 L' l2 l' 3l2 3l' 4l2 4l' 4r2 4r' 3r2 3r' r2 r' R2 R'
Rotation group size is 24
State size is about 8.44171 x 10^218 log2 727.258
Requiring 1002 bits 128 bytes per entry; 180 from identity.
For quarter turn, rewrote bases to 49
Found 73 canonical move states.
Calculated canonical states in 0.00818419
Using sorting bfs symm and arrays.
Dist 0 cnt 1 tot 1 scnt 1 stot 1 in 0.0003278255462646484
Dist 1 cnt 8 tot 9 scnt 48 stot 49 in 0.0002970695495605469
Dist 2 cnt 128 tot 137 scnt 1896 stot 1945 in 0.001642942428588867
Dist 3 cnt 3344 tot 3481 scnt 73296 stot 75241 in 0.01833605766296387
Dist 4 cnt 119197 tot 122678 scnt 2817020 stot 2892261 in 0.3860940933227539
Dist 5 cnt 4502970 tot 4625648 scnt 107748048 stot 110640309 in 13.07284688949585
Dist 6 cnt 171059474 tot 175685122 scnt 4102777638 stot 4213417947 in 508.178316116333
Created 70197555 elements in 90.94569396972656
to 66635173 in 39.781653881073
Created 70197555 elements in 4.773207187652588
to 70009063 in 20.95566177368164
