! out of memory
ch 0.2 (C) 2020 Tomas Rokicki.
# ./twsearch -M 120000 -t 8 -F -g symmsamples/big_chop.tws
Rotation group size is 60
State size is about 8.70963 x 10^113 log2 378.5
Requiring 473 bits 60 bytes per entry; 92 from identity.
Found 31 canonical move states.
Calculated canonical states in 0.00254393
Using sorting bfs symm and arrays.
Dist 0 cnt 1 tot 1 scnt 1 stot 1 in 0.00014495849609375
Dist 1 cnt 1 tot 2 scnt 30 stot 31 in 0.0001239776611328125
Dist 2 cnt 15 tot 17 scnt 855 stot 886 in 8.106231689453125e-05
Dist 3 cnt 385 tot 402 scnt 22890 stot 23776 in 0.0007429122924804688
Dist 4 cnt 9689 tot 10091 scnt 580944 stot 604720 in 0.01498508453369141
Dist 5 cnt 228454 tot 238545 scnt 13707000 stot 14311720 in 0.3343379497528076
Dist 6 cnt 4850096 tot 5088641 scnt 291004500 stot 305316220 in 8.266088008880615
Dist 7 cnt 89207704 tot 94296345 scnt 5352460140 stot 5657776360 in 210.0479209423065
Created 2003094199 elements in 1453.948045015335
to 1260755946 in 854.601359128952
Dist 8 cnt 1417506206 tot 1511802551 scnt 85050361960 stot 90708138320 in 1197.312096834183
Created 590438089 elements in 407.1122381687164
to 550124318 in 233.59330701828
Created 590438089 elements in 27.86834502220154
to 587358055 in 178.0307478904724
