! out of memory
ch 0.2 (C) 2020 Tomas Rokicki.
# ./twsearch -M 120000 -g samples/chopasaurus.tws
Created new moves FUR' BFID' LUF' EBFD' LFA' EBRBF' LBLU' EDC' LIBL' ECR' UBLBR' DAC' BFBRBL' FCA' RUBR' IAD' FRC' BFBLI' ERBR' LAI'
State size is about 9.4804 x 10^92 log2 308.862
Requiring 415 bits 52 bytes per entry; 68 from identity.
Found 21 canonical move states.
Calculated canonical states in 0.000767946
Using canonical sequences and arrays.
Dist 0 cnt 1 tot 1 in 7.915496826171875e-05
Dist 1 cnt 40 tot 41 in 3.194808959960938e-05
Dist 2 cnt 1480 tot 1521 in 0.0008609294891357422
Dist 3 cnt 51960 tot 53481 in 0.02637791633605957
Dist 4 cnt 1728399 tot 1781880 in 1.189727067947388
Dist 5 cnt 53193780 tot 54975660 in 59.82104110717773
Created 2364815108 elements in 603.8146579265594
to 1271604073 in 990.3039588928223
Dist 6 cnt 1462318260 tot 1517293920 in 633.6079831123352
Created 902496848 elements in 230.3150260448456
to 483193207 in 335.2016558647156
Created 902496848 elements in 101.4402320384979
to 698961602 in 321.8658990859985
Created 902496848 elements in 49.24837493896484
to 816460791 in 294.65975689888
Created 902496848 elements in 20.81941914558411
to 847746422 in 265.268100976944
Created 902496848 elements in 13.23499202728271
to 869155126 in 253.9391779899597
Created 902496848 elements in 8.050755977630615
to 892428565 in 242.5406920909882
Created 902496848 elements in 2.427076816558838
to 899314450 in 224.6616361141205
Created 902496848 elements in 0.7695939540863037
to 901347883 in 215.6171190738678
Created 902496848 elements in 0.2770130634307861
to 902291216 in 210.2088029384613
Created 902496848 elements in 0.04890203475952148
to 902461226 in 206.3242878913879
Created 902496848 elements in 0.008501052856445312
to 902492182 in 193.8996560573578
Created 902496848 elements in 0.001182794570922852
to 902496442 in 195.7831151485443
Created 902496848 elements in 0.0001778602600097656
to 902496838 in 203.6852481365204
Created 902496848 elements in 6.103515625e-05
to 902496848 in 215.6804459095001
