# This is twsearch 0.2 (C) 2020 Tomas Rokicki.
# ./twsearch -M 120000 -t 8 -F -g symmsamples/compy_cube.tws
Created new moves DFR' ULB' DLF' UBR' DRB' UFL' DBL' URF'
Rotation group size is 24
State size is about 9.34243 x 10^22 log2 76.3062
Requiring 108 bits 16 bytes per entry; 16 from identity.
Found 35 canonical move states.
Calculated canonical states in 0.000458002
Using sorting bfs symm and arrays.
Dist 0 cnt 1 tot 1 scnt 1 stot 1 in 8.606910705566406e-05
Dist 1 cnt 2 tot 3 scnt 16 stot 17 in 3.790855407714844e-05
Dist 2 cnt 10 tot 13 scnt 160 stot 177 in 5.197525024414062e-05
Dist 3 cnt 60 tot 73 scnt 1408 stot 1585 in 0.0001630783081054688
Dist 4 cnt 507 tot 580 scnt 11808 stot 13393 in 0.0008978843688964844
Dist 5 cnt 4004 tot 4584 scnt 95712 stot 109105 in 0.007097005844116211
Dist 6 cnt 31503 tot 36087 scnt 754732 stot 863837 in 0.05236911773681641
Dist 7 cnt 241460 tot 277547 scnt 5793810 stot 6657647 in 0.4131679534912109
Dist 8 cnt 1799702 tot 2077249 scnt 43183952 stot 49841599 in 3.086724996566772
Dist 9 cnt 12922861 tot 15000110 scnt 310137312 stot 359978911 in 23.11440491676331
Dist 10 cnt 88150386 tot 103150496 scnt 2115556475 stot 2475535386 in 165.4625151157379
Dist 11 cnt 555414804 tot 658565300 scnt 13329858542 stot 15805393928 in 1144.68963098526
Created 7220754809 elements in 5482.810431957245
to 2730202706 in 405.8074841499329
Dist 12 cnt 3035385419 tot 3693950719 scnt 72848819814 stot 88654213742 in 1500.509075880051
Created 4273519776 elements in 3295.510811090469
to 2043589719 in 285.1181559562683
Created 4273519776 elements in 1726.987258911133
to 2943084077 in 287.2938029766083
Created 4273519776 elements in 1021.873003005981
to 3496119965 in 275.9739511013031
Created 4273519776 elements in 595.2608630657196
to 3803878027 in 277.6183249950409
Created 4273519776 elements in 355.0444569587708
to 3986918359 in 265.8936839103699
Created 4273519776 elements in 215.651200056076
to 4085829541 in 277.7674310207367
