# This is twsearch 0.2 (C) 2020 Tomas Rokicki.
# ./twsearch -M 120000 -t 8 -F -g symmsamples/curvy_copter.tws
Rotation group size is 24
State size is about 5.617 x 10^35 log2 118.757
Requiring 161 bits 24 bytes per entry; 28 from identity.
Found 108 canonical move states.
Calculated canonical states in 0.000602961
Using sorting bfs symm and arrays.
Dist 0 cnt 1 tot 1 scnt 1 stot 1 in 0.0002222061157226562
Dist 1 cnt 1 tot 2 scnt 12 stot 13 in 3.480911254882812e-05
Dist 2 cnt 6 tot 8 scnt 90 stot 103 in 2.908706665039062e-05
Dist 3 cnt 28 tot 36 scnt 572 stot 675 in 0.0001111030578613281
Dist 4 cnt 153 tot 189 scnt 3405 stot 4080 in 0.0004467964172363281
Dist 5 cnt 839 tot 1028 scnt 19704 stot 23784 in 0.003262996673583984
Dist 6 cnt 4728 tot 5756 scnt 112172 stot 135956 in 0.01564311981201172
Dist 7 cnt 26391 tot 32147 scnt 631128 stot 767084 in 0.06813597679138184
Dist 8 cnt 146820 tot 178967 scnt 3517264 stot 4284348 in 0.7198131084442139
Dist 9 cnt 810768 tot 989735 scnt 19446520 stot 23730868 in 2.323041915893555
Dist 10 cnt 4453212 tot 5442947 scnt 106845240 stot 130576108 in 12.19465303421021
Dist 11 cnt 24338205 tot 29781152 scnt 584056780 stot 714632888 in 64.47537589073181
Dist 12 cnt 132446119 tot 162227271 scnt 3178549176 stot 3893182064 in 358.1688830852509
Dist 13 cnt 717885814 tot 880113085 scnt 17228953120 stot 21122135184 in 1998.840884923935
Created 4392548066 elements in 4241.05659198761
to 2597438014 in 1463.810830116272
Created 4392548066 elements in 1758.470000982285
to 3289444314 in 1314.637407064438
Created 4392548066 elements in 1050.29021692276
to 3605175202 in 1245.69136095047
Created 4392548066 elements in 771.2402391433716
to 3779244867 in 1302.749201774597
Dist 14 cnt 3876562927 tot 4756676012 scnt 93036718208 stot 114158853392 in 2270.361404180527
