# This is twsearch 0.2 (C) 2020 Tomas Rokicki.
# ./twsearch -M 15000 -g samples/dino.tws
Created new moves DFR' ULB' DLF' UBR' DRB' UFL' DBL' URF'
State size is 239500800 log2 27.8355
Requiring 44 bits 8 bytes per entry; 8 from identity.
Found 35 canonical move states.
Calculated canonical states in 0.000617981
Using twobit arrays.
Sizes [239500800]
Making symcoord lookup table size 239500800 x 16 in 645.3014938831329
Dist 0 cnt 1 tot 1 in 0.02239894866943359
Dist 1 cnt 16 tot 17 in 0.01879119873046875
Dist 2 cnt 160 tot 177 in 0.01894688606262207
Dist 3 cnt 1408 tot 1585 in 0.01898503303527832
Dist 4 cnt 11712 tot 13297 in 0.01999998092651367
Dist 5 cnt 90912 tot 104209 in 0.02690505981445312
Dist 6 cnt 644756 tot 748965 in 0.06670284271240234
Dist 7 cnt 4070826 tot 4819791 in 0.3151671886444092
Dist 8 cnt 21433009 tot 26252800 in 1.297271966934204
Dist 9 cnt 76410122 tot 102662922 in 4.092115879058838
Dist 10 cnt 109897795 tot 212560717 in 8.157365083694458
Dist 11 cnt 26611502 tot 239172219 in 2.353709936141968
Dist 12 cnt 328215 tot 239500434 in 0.4703631401062012
Dist 13 cnt 366 tot 239500800 in 0.4085369110107422
Showing 20 antipodes.
Scramble noname
   EDGE
   8 11 4 2 10 12 7 1 9 5 3 6
End
Scramble noname
   EDGE
   8 4 11 3 10 12 7 1 9 5 2 6
End
Scramble noname
   EDGE
   8 10 7 9 11 12 3 1 4 2 5 6
End
Scramble noname
   EDGE
   9 6 4 3 10 2 8 7 1 5 12 11
End
Scramble noname
   EDGE
   9 11 10 5 4 12 8 7 1 3 2 6
End
Scramble noname
   EDGE
   9 11 4 3 10 12 8 7 1 5 2 6
End
Scramble noname
   EDGE
   9 4 11 2 10 12 8 7 1 5 3 6
End
Scramble noname
   EDGE
   4 6 10 5 1 2 9 8 7 3 12 11
End
Scramble noname
   EDGE
   5 6 10 1 4 2 9 8 7 3 12 11
End
Scramble noname
   EDGE
   11 6 10 5 4 2 9 8 7 3 12 1
End
Scramble noname
   EDGE
   12 6 10 5 4 2 9 8 7 3 1 11
End
Scramble noname
   EDGE
   10 11 12 6 8 4 9 5 7 1 2 3
End
Scramble noname
   EDGE
   10 11 6 12 8 3 9 5 7 1 2 4
End
Scramble noname
   EDGE
   1 6 4 5 10 2 9 8 7 3 12 11
End
Scramble noname
   EDGE
   8 11 12 6 10 4 9 1 7 5 2 3
End
Scramble noname
   EDGE
   1 6 10 3 4 2 9 8 7 5 12 11
End
Scramble noname
   EDGE
   8 11 6 12 10 3 9 1 7 5 2 4
End
Scramble noname
   EDGE
   1 6 10 5 4 8 9 2 7 3 12 11
End
Scramble noname
   EDGE
   1 8 10 5 4 2 9 6 7 3 12 11
End
Scramble noname
   EDGE
   8 11 10 2 6 3 9 1 7 5 12 4
End
