# This is twsearch 0.2 (C) 2020 Tomas Rokicki.
# ./twsearch -M 250000 -F -g samples/helicopter.tws
State size is about 2.36973 x 10^19 log2 64.3614
Requiring 95 bits 12 bytes per entry; 12 from identity.
Found 108 canonical move states.
Calculated canonical states in 0.018204
Using sorting bfs and arrays.
Dist 0 cnt 1 tot 1 in 0.0001070499420166016
Dist 1 cnt 12 tot 13 in 1.096725463867188e-05
Dist 2 cnt 90 tot 103 in 4.410743713378906e-05
Dist 3 cnt 572 tot 675 in 0.0002570152282714844
Dist 4 cnt 3405 tot 4080 in 0.00179600715637207
Dist 5 cnt 19704 tot 23784 in 0.01120495796203613
Dist 6 cnt 112172 tot 135956 in 0.06988191604614258
Dist 7 cnt 631128 tot 767084 in 0.4476029872894287
Dist 8 cnt 3516964 tot 4284048 in 2.66339111328125
Dist 9 cnt 19439500 tot 23723548 in 15.60631704330444
Dist 10 cnt 106748094 tot 130471642 in 92.50159287452698
Dist 11 cnt 583013284 tot 713484926 in 542.8841879367828
Dist 12 cnt 3168613664 tot 3882098590 in 2725.186853170395
Created 18093706384 elements in 2394.674991846085
to 9708080008 in 5537.155416965485
Created 18093706384 elements in 1073.085200071335
to 13287341018 in 5127.078624010086
Created 18093706384 elements in 606.0801429748535
to 14961986976 in 4640.091825008392
Created 18093706384 elements in 392.518748998642
to 16083119141 in 4371.341885089874
Created 18093706384 elements in 252.0373690128326
to 16722933697 in 4114.083945989609
Created 18093706384 elements in 171.9040298461914
to 17083228703 in 3880.08231306076
Dist 13 cnt 17140182976 tot 21022281566 in 3633.658313035965
Created 1536536692 elements in 195.8899641036987
to 1047748104 in 1183.224875926971
Created 1536536692 elements in 62.37266802787781
to 1389827220 in 658.9018909931183
Created 1536536692 elements in 19.07844495773315
to 1489197750 in 451.7951710224152
Created 1536536692 elements in 6.064130067825317
to 1518872300 in 457.5784049034119
Created 1536536692 elements in 2.223140001296997
to 1527999094 in 465.684583902359
Created 1536536692 elements in 1.124027013778687
to 1532604861 in 452.9398350715637
Created 1536536692 elements in 0.5183689594268799
to 1534681520 in 387.340439081192
Created 1536536692 elements in 0.2634930610656738
to 1535647079 in 350.4110279083252
Created 1536536692 elements in 0.1418209075927734
to 1536164862 in 355.4055290222168
Created 1536536692 elements in 0.05119609832763672
to 1536383173 in 338.7616419792175
Created 1536536692 elements in 0.01878094673156738
to 1536468577 in 357.6504290103912
Created 1536536692 elements in 0.008404970169067383
to 1536505910 in 342.4557960033417
Created 1536536692 elements in 0.003841161727905273
to 1536524009 in 354.3956868648529
Created 1536536692 elements in 0.001662015914916992
to 1536531953 in 341.104257106781
Created 1536536692 elements in 0.0006840229034423828
to 1536534865 in 343.9316599369049
Created 1536536692 elements in 0.0003168582916259766
to 1536535820 in 343.4322030544281
Created 1536536692 elements in 0.0001931190490722656
to 1536536366 in 348.219358921051
Created 1536536692 elements in 0.0001180171966552734
to 1536536527 in 349.9306778907776
Created 1536536692 elements in 9.703636169433594e-05
to 1536536620 in 349.7707359790802
Created 1536536692 elements in 8.0108642578125e-05
to 1536536673 in 348.2669720649719
Created 1536536692 elements in 7.987022399902344e-05
to 1536536686 in 353.4344100952148
Created 1536536692 elements in 7.700920104980469e-05
to 1536536691 in 342.8670539855957
Created 1536536692 elements in 7.605552673339844e-05
to 1536536692 in 339.7162008285522
