r-1513-6.sh: line 2:  1826 Terminated              ./twsearch -M 120000 -t 8 -F -g symmsamples/helicopter.tws > helicopter-symm-g6.log
tate size is about 2.86291 x 10^23 log2 77.9218
Requiring 105 bits 16 bytes per entry; 20 from identity.
Found 108 canonical move states.
Calculated canonical states in 0.000542879
Using sorting bfs symm and arrays.
Dist 0 cnt 1 tot 1 scnt 1 stot 1 in 0.0002341270446777344
Dist 1 cnt 1 tot 2 scnt 12 stot 13 in 2.598762512207031e-05
Dist 2 cnt 6 tot 8 scnt 90 stot 103 in 1.788139343261719e-05
Dist 3 cnt 28 tot 36 scnt 572 stot 675 in 6.413459777832031e-05
Dist 4 cnt 153 tot 189 scnt 3405 stot 4080 in 0.0002357959747314453
Dist 5 cnt 839 tot 1028 scnt 19704 stot 23784 in 0.00109410285949707
Dist 6 cnt 4728 tot 5756 scnt 112172 stot 135956 in 0.005620956420898438
Dist 7 cnt 26391 tot 32147 scnt 631128 stot 767084 in 0.02761411666870117
Dist 8 cnt 146812 tot 178959 scnt 3516964 stot 4284048 in 0.1464359760284424
Dist 9 cnt 810485 tot 989444 scnt 19439500 stot 23723548 in 1.077440977096558
Dist 10 cnt 4449211 tot 5438655 scnt 106748094 stot 130471642 in 4.039982080459595
Dist 11 cnt 24294822 tot 29733477 scnt 583013284 stot 713484926 in 20.62634992599487
Dist 12 cnt 132032545 tot 161766022 scnt 3168613664 stot 3882098590 in 108.004791021347
Dist 13 cnt 714187888 tot 875953910 scnt 17140182976 stot 21022281566 in 576.9955110549927
Created 7018099566 elements in 2121.499377012253
to 3520940167 in 429.1382119655609
Dist 14 cnt 3844660624 tot 4720614534 scnt 92270989326 stot 113293270892 in 787.7812390327454
