# This is twsearch 0.2 (C) 2020 Tomas Rokicki.
# ./twsearch -q -M 120000 -t 1 -F -g qsymmsamples/icosahedron_2.tws
Created new moves ERFUG2 ERFUG2' ERFUG' ONDBK2 ONDBK2' ONDBK' EIHCR2 EIHCR2' EIHCR' OKMQP2 OKMQP2' OKMQP' LFRCA2 LFRCA2' LFRCA' SJMKB2 SJMKB2' SJMKB' LANOP2 LANOP2' LANOP' SIEGJ2 SIEGJ2' SIEGJ' LPQUF2 LPQUF2' LPQUF' SBDHI2 SBDHI2' SBDHI' UQMJG2 UQMJG2' UQMJG' DNACH2 DNACH2' DNACH'
Rotation group size is 60
State size is about 9.47538 x 10^123 log2 411.841
Requiring 550 bits 72 bytes per entry; 76 from identity.
For quarter turn, rewrote bases to 25
Found 49 canonical move states.
Calculated canonical states in 0.00450397
Using sorting bfs symm and arrays.
Dist 0 cnt 1 tot 1 scnt 1 stot 1 in 0.0003139972686767578
Dist 1 cnt 2 tot 3 scnt 24 stot 25 in 0.0001440048217773438
Dist 2 cnt 13 tot 16 scnt 528 stot 553 in 0.0002071857452392578
Dist 3 cnt 196 tot 212 scnt 11568 stot 12121 in 0.0008018016815185547
Dist 4 cnt 4229 tot 4441 scnt 253464 stot 265585 in 0.008367061614990234
Dist 5 cnt 92552 tot 96993 scnt 5553040 stot 5818625 in 0.119265079498291
Dist 6 cnt 2027589 tot 2124582 scnt 121654680 stot 127473305 in 2.8853600025177
Dist 7 cnt 44419136 tot 46543718 scnt 2665148160 stot 2792621465 in 66.95815300941467
Dist 8 cnt 973107876 tot 1019651594 scnt 58386467340 stot 61179088805 in 1308.066767930984
Created 730099653 elements in 586.3761310577393
to 695817402 in 287.3520560264587
