! out of memory
ch 0.2 (C) 2020 Tomas Rokicki.
# ./twsearch -M 30000 -F -g symmsamples/icosahedron_moving_faces.tws
Created new moves ERFUG2 ERFUG2' ERFUG' ONDBK2 ONDBK2' ONDBK' EIHCR2 EIHCR2' EIHCR' OKMQP2 OKMQP2' OKMQP' LFRCA2 LFRCA2' LFRCA' SJMKB2 SJMKB2' SJMKB' LANOP2 LANOP2' LANOP' SIEGJ2 SIEGJ2' SIEGJ' LPQUF2 LPQUF2' LPQUF' SBDHI2 SBDHI2' SBDHI' UQMJG2 UQMJG2' UQMJG' DNACH2 DNACH2' DNACH'
Rotation group size is 60
State size is about 5.06456 x 10^75 log2 251.485
Requiring 350 bits 44 bytes per entry; 44 from identity.
Found 69 canonical move states.
Calculated canonical states in 0.00280404
Using sorting bfs symm and arrays.
Dist 0 cnt 1 tot 1 scnt 1 stot 1 in 0.0003170967102050781
Dist 1 cnt 4 tot 5 scnt 48 stot 49 in 0.0002338886260986328
Dist 2 cnt 36 tot 41 scnt 1536 stot 1585 in 0.0007290840148925781
Dist 3 cnt 728 tot 769 scnt 43520 stot 45105 in 0.005363941192626953
Dist 4 cnt 19728 tot 20497 scnt 1180800 stot 1225905 in 0.1029338836669922
Dist 5 cnt 524518 tot 545015 scnt 31471080 stot 32696985 in 2.868858098983765
Dist 6 cnt 13869861 tot 14414876 scnt 832155380 stot 864852365 in 80.21315407752991
Dist 7 cnt 365370372 tot 379785248 scnt 21922221534 stot 22787073899 in 1991.707425832748
Created 335697947 elements in 848.1260831356049
to 282248490 in 170.726135969162
Created 335697947 elements in 149.0455930233002
to 327268631 in 128.5966830253601
