# This is twsearch 0.2 (C) 2020 Tomas Rokicki.
# ./twsearch -M 60000 -t 8 -F -g symmsamples/icosahedron_static_faces.tws
Created new moves ERFUG2 ERFUG2' ERFUG' ONDBK2 ONDBK2' ONDBK' EIHCR2 EIHCR2' EIHCR' OKMQP2 OKMQP2' OKMQP' LFRCA2 LFRCA2' LFRCA' SJMKB2 SJMKB2' SJMKB' LANOP2 LANOP2' LANOP' SIEGJ2 SIEGJ2' SIEGJ' LPQUF2 LPQUF2' LPQUF' SBDHI2 SBDHI2' SBDHI' UQMJG2 UQMJG2' UQMJG' DNACH2 DNACH2' DNACH'
Rotation group size is 60
State size is about 5.06456 x 10^75 log2 251.485
Requiring 350 bits 44 bytes per entry; 44 from identity.
Found 69 canonical move states.
Calculated canonical states in 0.00263405
Using sorting bfs symm and arrays.
Dist 0 cnt 1 tot 1 scnt 1 stot 1 in 0.0002639293670654297
Dist 1 cnt 4 tot 5 scnt 48 stot 49 in 0.0002219676971435547
Dist 2 cnt 36 tot 41 scnt 1536 stot 1585 in 0.0006890296936035156
Dist 3 cnt 728 tot 769 scnt 43520 stot 45105 in 0.005075931549072266
Dist 4 cnt 19664 tot 20433 scnt 1176960 stot 1222065 in 0.09688115119934082
Dist 5 cnt 518494 tot 538927 scnt 31109400 stot 32331465 in 2.633710861206055
Dist 6 cnt 13531261 tot 14070188 scnt 811838420 stot 844169885 in 71.21660113334656
Dist 7 cnt 350380540 tot 364450728 scnt 21022830862 stot 21867000747 in 1815.592055797577
Created 1065964561 elements in 2691.795970201492
to 853407388 in 543.9758570194244
Created 1065964561 elements in 555.662889957428
to 1006541002 in 406.5995209217072
Created 1065964561 elements in 149.0349090099335
