! out of memory
ch 0.2 (C) 2020 Tomas Rokicki.
# ./twsearch -M 60000 -g samples/icosahedron_moving_faces.tws
Created new moves ERFUG2 ERFUG2' ERFUG' ONDBK2 ONDBK2' ONDBK' EIHCR2 EIHCR2' EIHCR' OKMQP2 OKMQP2' OKMQP' LFRCA2 LFRCA2' LFRCA' SJMKB2 SJMKB2' SJMKB' LANOP2 LANOP2' LANOP' SIEGJ2 SIEGJ2' SIEGJ' LPQUF2 LPQUF2' LPQUF' SBDHI2 SBDHI2' SBDHI' UQMJG2 UQMJG2' UQMJG' DNACH2 DNACH2' DNACH'
State size is about 2.11463 x 10^67 log2 223.65
Requiring 305 bits 40 bytes per entry; 40 from identity.
Found 69 canonical move states.
Calculated canonical states in 0.000636101
Using canonical sequences and arrays.
Dist 0 cnt 1 tot 1 in 0.000125885009765625
Dist 1 cnt 48 tot 49 in 2.503395080566406e-05
Dist 2 cnt 1536 tot 1585 in 0.0006000995635986328
Dist 3 cnt 43520 tot 45105 in 0.01969504356384277
Dist 4 cnt 1180800 tot 1225905 in 0.6769988536834717
Dist 5 cnt 31471080 tot 32696985 in 23.0578830242157
Dist 6 cnt 832155380 tot 864852365 in 562.0474269390106
Created 708011634 elements in 217.9727780818939
to 700600893 in 264.8753440380096
Created 708011634 elements in 2.105275869369507
to 707965733 in 172.6568260192871
Created 708011634 elements in 0.0128180980682373
to 708010988 in 161.010684967041
Created 708011634 elements in 0.0002400875091552734
to 708011629 in 166.8453278541565
Created 708011634 elements in 5.817413330078125e-05
to 708011634 in 158.5824959278107
