! out of memory
ch 0.2 (C) 2020 Tomas Rokicki.
# ./twsearch -M 15000 -F -g symmsamples/kilominx.tws
Created new moves U2 U2' U' D2 D2' D' F2 F2' F' BF2 BF2' BF' L2 L2' L' E2 E2' E' BL2 BL2' BL' C2 C2' C' BR2 BR2' BR' A2 A2' A' R2 R2' R' I2 I2' I'
Rotation group size is 60
State size is about 1.41383 x 10^27 log2 90.1917
Requiring 134 bits 20 bytes per entry; 20 from identity.
Found 69 canonical move states.
Calculated canonical states in 0.00183415
Using sorting bfs symm and arrays.
Dist 0 cnt 1 tot 1 scnt 1 stot 1 in 0.0002989768981933594
Dist 1 cnt 4 tot 5 scnt 48 stot 49 in 0.0001139640808105469
Dist 2 cnt 36 tot 41 scnt 1536 stot 1585 in 0.0002729892730712891
Dist 3 cnt 728 tot 769 scnt 43520 stot 45105 in 0.001833915710449219
Dist 4 cnt 19728 tot 20497 scnt 1180800 stot 1225905 in 0.03074002265930176
Dist 5 cnt 524518 tot 545015 scnt 31471080 stot 32696985 in 0.7265951633453369
Dist 6 cnt 13869471 tot 14414486 scnt 832130600 stot 864827585 in 18.28095293045044
Dist 7 cnt 365321680 tot 379736166 scnt 21919295334 stot 22784122919 in 504.9730448722839
Created 407240848 elements in 233.1918430328369
to 332830411 in 45.32964301109314
Created 407240848 elements in 44.77611494064331
to 395224652 in 43.55063605308533
