# This is twsearch 0.2 (C) 2020 Tomas Rokicki.
# ./twsearch -M 240000 -t 8 -F -g symmsamples/little_chop.tws
Rotation group size is 24
State size is 3246670537110000 log2 51.5279
Requiring 70 bits 12 bytes per entry; 16 from identity.
Found 13 canonical move states.
Calculated canonical states in 0.00106907
Using sorting bfs symm and arrays.
Dist 0 cnt 1 tot 1 scnt 1 stot 1 in 0.0001380443572998047
Dist 1 cnt 1 tot 2 scnt 12 stot 13 in 5.888938903808594e-05
Dist 2 cnt 6 tot 8 scnt 126 stot 139 in 3.814697265625e-05
Dist 3 cnt 49 tot 57 scnt 1125 stot 1264 in 0.000125885009765625
Dist 4 cnt 363 tot 420 scnt 8663 stot 9927 in 0.0007750988006591797
Dist 5 cnt 2403 tot 2823 scnt 57590 stot 67517 in 0.005430936813354492
Dist 6 cnt 13432 tot 16255 scnt 322170 stot 389687 in 0.01163697242736816
Dist 7 cnt 66781 tot 83036 scnt 1602577 stot 1992264 in 0.05200099945068359
Dist 8 cnt 317302 tot 400338 scnt 7614672 stot 9606936 in 0.264707088470459
Dist 9 cnt 1487098 tot 1887436 scnt 35688336 stot 45295272 in 1.246757984161377
Dist 10 cnt 6937380 tot 8824816 scnt 166492584 stot 211787856 in 6.065295934677124
Dist 11 cnt 32318942 tot 41143758 scnt 775640496 stot 987428352 in 27.23587703704834
Dist 12 cnt 150596106 tot 191739864 scnt 3614275632 stot 4601703984 in 126.8640549182892
Dist 13 cnt 702256523 tot 893996387 scnt 16854090336 stot 21455794320 in 592.0636620521545
Dist 14 cnt 3277936287 tot 4171932674 scnt 78670323816 stot 100126118136 in 2802.106343984604
Created 16991327189 elements in 4728.515382051468
to 10567670019 in 1074.435857057571
Created 16991327189 elements in 1839.875796794891
to 12915272891 in 1010.299036979675
Created 16991327189 elements in 1156.080857992172
to 14003975459 in 1013.293830156326
Created 16991327189 elements in 838.8183269500732
to 14580212486 in 996.2756340503693
Created 16991327189 elements in 672.8827018737793
to 14930506348 in 990.5134060382843
Created 16991327189 elements in 579.8589799404144
to 15126355967 in 964.2199301719666
Created 16991327189 elements in 521.543555021286
to 15242200526 in 948.5611128807068
Created 16991327189 elements in 478.5242309570312
to 15301424371 in 954.9634921550751
Dist 15 cnt 15307616754 tot 19479549428 scnt 367382474136 stot 467508592272 in 1298.244616985321
