# This is twsearch 0.2 (C) 2020 Tomas Rokicki.
# ./twsearch -M 250000 -F -g samples/little_chop.tws
State size is 3246670537110000 log2 51.5279
Requiring 69 bits 12 bytes per entry; 16 from identity.
Found 13 canonical move states.
Calculated canonical states in 0.0306981
Using sorting bfs and arrays.
Dist 0 cnt 1 tot 1 in 3.099441528320312e-05
Dist 1 cnt 12 tot 13 in 9.775161743164062e-06
Dist 2 cnt 126 tot 139 in 4.506111145019531e-05
Dist 3 cnt 1125 tot 1264 in 0.00032806396484375
Dist 4 cnt 8663 tot 9927 in 0.003015995025634766
Dist 5 cnt 57590 tot 67517 in 0.02529096603393555
Dist 6 cnt 322170 tot 389687 in 0.1849849224090576
Dist 7 cnt 1602577 tot 1992264 in 1.47620415687561
Dist 8 cnt 7614672 tot 9606936 in 6.152497053146362
Dist 9 cnt 35688336 tot 45295272 in 31.57430481910706
Dist 10 cnt 166492584 tot 211787856 in 159.6167171001434
Dist 11 cnt 775640496 tot 987428352 in 796.6063280105591
Dist 12 cnt 3614275632 tot 4601703984 in 3275.399498939514
Created 17455417204 elements in 1298.507816076279
to 11179746572 in 5348.941561937332
Created 17455417204 elements in 456.5987451076508
to 13636337467 in 4830.235798835754
Created 17455417204 elements in 274.4811229705811
to 14849324066 in 4469.453042984009
Created 17455417204 elements in 187.5320630073547
to 15498896297 in 4337.557644128799
Created 17455417204 elements in 140.9077689647675
to 15888552089 in 4112.264257907867
Created 17455417204 elements in 112.817143201828
to 16144929134 in 4054.65211892128
Created 17455417204 elements in 94.40336394309998
to 16350235187 in 4034.331763029099
Created 17455417204 elements in 79.65079212188721
to 16501561036 in 3938.943014860153
Created 17455417204 elements in 68.7235860824585
to 16592903260 in 4021.949985980988
Created 17455417204 elements in 62.22019505500793
to 16666386275 in 3958.416256904602
Created 17455417204 elements in 56.85269689559937
to 16719001709 in 3853.11484503746
Created 17455417204 elements in 53.02686810493469
to 16761648996 in 3866.669164896011
Created 17455417204 elements in 49.93340802192688
to 16792723293 in 3760.860357046127
Created 17455417204 elements in 47.75710105895996
to 16812053550 in 3780.08673286438
Created 17455417204 elements in 46.70793318748474
to 16832271444 in 3744.952209949493
Created 17455417204 elements in 45.88780188560486
to 16844979724 in 3774.276755094528
Created 17455417204 elements in 44.55714201927185
to 16851998761 in 3730.884868860245
Created 17455417204 elements in 44.63623309135437
to 16854072178 in 3752.791099071503
Dist 13 cnt 16854090336 tot 21455794320 in 3632.62326002121
Created 1376967364 elements in 103.7036550045013
