! out of memory
ch 0.2 (C) 2020 Tomas Rokicki.
# ./twsearch -M 30000 -g samples/master_pyraminx.tws
Created new moves FRD' 2FRD' 2L' L' FDL' 2FDL' 2R' R' DRL' 2DRL' 2F' F' FLR' 2FLR' 2D' D'
State size is about 3.12805 x 10^19 log2 64.7619
Requiring 98 bits 16 bytes per entry; 16 from identity.
Found 416 canonical move states.
Calculated canonical states in 0.000610113
Using canonical sequences and arrays.
Dist 0 cnt 1 tot 1 in 0.0004718303680419922
Dist 1 cnt 32 tot 33 in 1.621246337890625e-05
Dist 2 cnt 672 tot 705 in 0.0001938343048095703
Dist 3 cnt 12624 tot 13329 in 0.004677057266235352
Dist 4 cnt 230048 tot 243377 in 0.1123979091644287
Dist 5 cnt 4135680 tot 4379057 in 2.775044202804565
Dist 6 cnt 73639820 tot 78018877 in 61.96884799003601
Created 1888061122 elements in 265.2985758781433
to 890991436 in 618.5358641147614
Created 1888061122 elements in 135.0795958042145
to 1256948325 in 603.0298080444336
Dist 7 cnt 1300575674 tot 1378594551 in 377.3386981487274
Created 587485448 elements in 90.69248390197754
to 265909105 in 189.0953779220581
Created 587485448 elements in 43.36507606506348
to 406048305 in 183.6170630455017
Created 587485448 elements in 24.55891299247742
to 487985361 in 171.1289389133453
Created 587485448 elements in 13.44457697868347
to 531816150 in 162.3310961723328
Created 587485448 elements in 8.733124971389771
to 558130129 in 152.2522249221802
Created 587485448 elements in 3.964306116104126
to 568199506 in 143.6809439659119
Created 587485448 elements in 2.609195947647095
to 577954905 in 139.1512610912323
Created 587485448 elements in 1.294506788253784
to 581490916 in 132.1269431114197
Created 587485448 elements in 0.7988829612731934
to 583752733 in 128.7294609546661
Created 587485448 elements in 0.4984650611877441
to 585611392 in 128.2767019271851
Created 587485448 elements in 0.2532050609588623
to 586669159 in 125.4801449775696
Created 587485448 elements in 0.1173889636993408
to 587135506 in 125.6073939800262
Created 587485448 elements in 0.04678106307983398
to 587352231 in 123.1875369548798
Created 587485448 elements in 0.01781320571899414
to 587437786 in 118.3516838550568
Created 587485448 elements in 0.006390094757080078
to 587469104 in 118.6235058307648
Created 587485448 elements in 0.002233028411865234
to 587477357 in 121.6226191520691
Created 587485448 elements in 0.00113987922668457
to 587478491 in 119.0459830760956
Created 587485448 elements in 0.0009958744049072266
to 587480124 in 120.2562351226807
Created 587485448 elements in 0.0007710456848144531
to 587484041 in 120.1067368984222
Created 587485448 elements in 0.0002529621124267578
to 587484892 in 124.4059190750122
Created 587485448 elements in 0.0001370906829833984
to 587485344 in 123.5386719703674
Created 587485448 elements in 7.486343383789062e-05
to 587485417 in 123.8666701316833
Created 587485448 elements in 6.604194641113281e-05
to 587485441 in 128.5597319602966
Created 587485448 elements in 6.103515625e-05
to 587485446 in 134.9980249404907
Created 587485448 elements in 6.008148193359375e-05
to 587485448 in 114.4280488491058
