! out of memory
ch 0.2 (C) 2020 Tomas Rokicki.
# ./twsearch -M 60000 -g samples/megaminx.tws
Created new moves U2 U2' U' D2 D2' D' F2 F2' F' BF2 BF2' BF' L2 L2' L' E2 E2' E' BL2 BL2' BL' C2 C2' C' BR2 BR2' BR' A2 A2' A' R2 R2' R' I2 I2' I'
State size is about 1.0067 x 10^68 log2 225.901
Requiring 307 bits 40 bytes per entry; 40 from identity.
Found 69 canonical move states.
Calculated canonical states in 0.000571966
Using canonical sequences and arrays.
Dist 0 cnt 1 tot 1 in 0.0001189708709716797
Dist 1 cnt 48 tot 49 in 2.384185791015625e-05
Dist 2 cnt 1536 tot 1585 in 0.0005421638488769531
Dist 3 cnt 43520 tot 45105 in 0.01713204383850098
Dist 4 cnt 1180800 tot 1225905 in 0.688601016998291
Dist 5 cnt 31471080 tot 32696985 in 22.1421070098877
Dist 6 cnt 832172660 tot 864869645 in 515.7063739299774
Created 707994354 elements in 175.7931098937988
to 700659578 in 262.5150091648102
Created 707994354 elements in 1.65885591506958
to 707940608 in 172.699490070343
Created 707994354 elements in 0.01197695732116699
to 707993551 in 155.5324020385742
Created 707994354 elements in 0.0002348423004150391
to 707994354 in 159.7184619903564
