! out of memory
ch 0.2 (C) 2020 Tomas Rokicki.
# ./twsearch -M 120000 -t 8 -F -g symmsamples/octastar.tws
Rotation group size is 24
State size is about 3.10224 x 10^23 log2 78.0377
Requiring 116 bits 16 bytes per entry; 16 from identity.
Found 13 canonical move states.
Calculated canonical states in 0.000570059
Using sorting bfs symm and arrays.
Dist 0 cnt 1 tot 1 scnt 1 stot 1 in 6.794929504394531e-05
Dist 1 cnt 1 tot 2 scnt 12 stot 13 in 3.409385681152344e-05
Dist 2 cnt 6 tot 8 scnt 126 stot 139 in 1.692771911621094e-05
Dist 3 cnt 49 tot 57 scnt 1128 stot 1267 in 5.91278076171875e-05
Dist 4 cnt 366 tot 423 scnt 8747 stot 10014 in 0.0003049373626708984
Dist 5 cnt 2452 tot 2875 scnt 58776 stot 68790 in 0.002600908279418945
Dist 6 cnt 13945 tot 16820 scnt 334338 stot 403128 in 0.01068210601806641
Dist 7 cnt 70375 tot 87195 scnt 1688772 stot 2091900 in 0.04158592224121094
Dist 8 cnt 337993 tot 425188 scnt 8111316 stot 10203216 in 0.2383120059967041
Dist 9 cnt 1596716 tot 2021904 scnt 38320560 stot 48523776 in 1.005650043487549
Dist 10 cnt 7503928 tot 9525832 scnt 180092736 stot 228616512 in 4.789212942123413
Dist 11 cnt 35214296 tot 44740128 scnt 845137728 stot 1073754240 in 23.21326494216919
Dist 12 cnt 165197562 tot 209937690 scnt 3964732896 stot 5038487136 in 107.6897730827332
Dist 13 cnt 774899938 tot 984837628 scnt 18597581424 stot 23636068560 in 532.5782179832458
Created 6924222499 elements in 1425.076395988464
to 3391855551 in 390.9046580791473
Dist 14 cnt 3634608999 tot 4619446627 scnt 87230573088 stot 110866641648 in 844.096962928772
Created 3454811062 elements in 704.5882060527802
to 2698321010 in 230.3330709934235
Created 3454811062 elements in 156.853581905365
to 3252262978 in 216.4167649745941
Created 3454811062 elements in 41.33932209014893
to 3397619031 in 206.7818160057068
