! out of memory
ch 0.2 (C) 2020 Tomas Rokicki.
# ./twsearch -M 60000 -t 8 -F -g symmsamples/pentultimate.tws
Created new moves U2 U2' U' D2 D2' D' F2 F2' F' BF2 BF2' BF' L2 L2' L' E2 E2' E' BL2 BL2' BL' C2 C2' C' BR2 BR2' BR' A2 A2' A' R2 R2' R' I2 I2' I'
Rotation group size is 60
State size is about 3.38614 x 10^35 log2 118.027
Requiring 178 bits 24 bytes per entry; 24 from identity.
Found 13 canonical move states.
Calculated canonical states in 0.00185609
Using sorting bfs symm and arrays.
Dist 0 cnt 1 tot 1 scnt 1 stot 1 in 6.985664367675781e-05
Dist 1 cnt 4 tot 5 scnt 48 stot 49 in 9.107589721679688e-05
Dist 2 cnt 42 tot 47 scnt 2016 stot 2065 in 0.0002129077911376953
Dist 3 cnt 1360 tot 1407 scnt 81000 stot 83065 in 0.001533031463623047
Dist 4 cnt 51082 tot 52489 scnt 3055115 stot 3138180 in 0.04013299942016602
Dist 5 cnt 1738928 tot 1791417 scnt 104287320 stot 107425500 in 1.409604072570801
Dist 6 cnt 52452256 tot 54243673 scnt 3146851770 stot 3254277270 in 46.65713310241699
Dist 7 cnt 1361522407 tot 1415766080 scnt 81689739420 stot 84944016690 in 1442.740384817123
Created 1207465336 elements in 596.2923421859741
to 995871347 in 90.76258897781372
Created 1207465336 elements in 107.9176099300385
to 1168449914 in 83.79355192184448
