# This is twsearch 0.2 (C) 2020 Tomas Rokicki.
# ./twsearch -q -M 120000 -t 1 -F -g qsymmsamples/pentultimate.tws
Created new moves U2 U2' U' D2 D2' D' F2 F2' F' BF2 BF2' BF' L2 L2' L' E2 E2' E' BL2 BL2' BL' C2 C2' C' BR2 BR2' BR' A2 A2' A' R2 R2' R' I2 I2' I'
Rotation group size is 60
State size is about 3.38614 x 10^35 log2 118.027
Requiring 178 bits 24 bytes per entry; 24 from identity.
For quarter turn, rewrote bases to 25
Found 49 canonical move states.
Calculated canonical states in 0.00199103
Using sorting bfs symm and arrays.
Dist 0 cnt 1 tot 1 scnt 1 stot 1 in 0.0002930164337158203
Dist 1 cnt 2 tot 3 scnt 24 stot 25 in 9.012222290039062e-05
Dist 2 cnt 13 tot 16 scnt 528 stot 553 in 0.0001108646392822266
Dist 3 cnt 184 tot 200 scnt 10548 stot 11101 in 0.0004251003265380859
Dist 4 cnt 3244 tot 3444 scnt 193964 stot 205065 in 0.005005836486816406
Dist 5 cnt 55106 tot 58550 scnt 3303360 stot 3508425 in 0.05615806579589844
Dist 6 cnt 875991 tot 934541 scnt 52545945 stot 56054370 in 1.223603963851929
Dist 7 cnt 13058448 tot 13992989 scnt 783441600 stot 839495970 in 14.15086317062378
Dist 8 cnt 180431904 tot 194424893 scnt 10825655190 stot 11665151160 in 213.5045130252838
Dist 9 cnt 2272682825 tot 2467107718 scnt 136360048230 stot 148025199390 in 3022.503125905991
