r-15741-44.sh: line 2: 16277 Killed                  ./twsearch -M 60000 -g samples/professor_pyraminx.tws > professor_pyraminx-g5.log
 L' FDL' 2FDL' 2R' R' DRL' 2DRL' 2F' F' FLR' 2FLR' 2D' D'
State size is about 2.76893 x 10^33 log2 111.093
Requiring 164 bits 24 bytes per entry; 24 from identity.
Found 416 canonical move states.
Calculated canonical states in 0.000654936
Using canonical sequences and arrays.
Dist 0 cnt 1 tot 1 in 0.0004339218139648438
Dist 1 cnt 32 tot 33 in 1.9073486328125e-05
Dist 2 cnt 672 tot 705 in 0.0002350807189941406
Dist 3 cnt 12624 tot 13329 in 0.005589962005615234
Dist 4 cnt 230528 tot 243857 in 0.137260913848877
Dist 5 cnt 4169544 tot 4413401 in 3.359194993972778
Dist 6 cnt 75042552 tot 79455953 in 71.62673306465149
Created 2541984046 elements in 518.7557730674744
to 1148093953 in 881.0758218765259
Dist 7 cnt 1346111752 tot 1425567705 in 595.2708880901337
Created 1195872294 elements in 243.3459219932556
to 553824764 in 405.7982640266418
Created 1195872294 elements in 123.3006110191345
to 870432246 in 393.2256100177765
Created 1195872294 elements in 62.49198198318481
to 1021577361 in 361.4738709926605
Created 1195872294 elements in 33.45778393745422
to 1113991566 in 336.9888849258423
Created 1195872294 elements in 15.72186303138733
to 1151578053 in 306.2920069694519
Created 1195872294 elements in 8.520440101623535
to 1169655307 in 298.9669070243835
Created 1195872294 elements in 5.032161951065063
to 1182429796 in 287.0649600028992
Created 1195872294 elements in 2.584167003631592
to 1189534082 in 277.1988899707794
Created 1195872294 elements in 1.204215049743652
to 1191238323 in 272.7083759307861
Created 1195872294 elements in 0.8849971294403076
to 1193128445 in 275.5456638336182
Created 1195872294 elements in 0.5324180126190186
to 1194702424 in 269.6227080821991
Created 1195872294 elements in 0.220228910446167
to 1195370515 in 271.8415591716766
Created 1195872294 elements in 0.09485483169555664
to 1195695141 in 259.0577321052551
Created 1195872294 elements in 0.03362894058227539
to 1195783751 in 258.6607949733734
Created 1195872294 elements in 0.01673793792724609
to 1195821884 in 255.5520679950714
Created 1195872294 elements in 0.009523153305053711
