# This is twsearch 0.2 (C) 2020 Tomas Rokicki.
# ./twsearch -M 240000 -g samples/skewb.tws
Created new moves DFR' ULB' DLF' UBR' DRB' UFL' DBL' URF'
State size is 340122240 log2 28.3415
Requiring 43 bits 8 bytes per entry; 8 from identity.
Found 9 canonical move states.
Calculated canonical states in 0.0160711
Using twobit arrays.
Sizes [12 12 81] 81 360
Making symcoord lookup table size 11664 x 16 in 0.03124594688415527
Dist 0 cnt 1 tot 1 in 0.03357791900634766
Dist 1 cnt 16 tot 17 in 0.03681015968322754
Dist 2 cnt 208 tot 225 in 0.03691291809082031
Dist 3 cnt 2280 tot 2505 in 0.0375518798828125
Dist 4 cnt 19683 tot 22188 in 0.04096508026123047
Dist 5 cnt 125280 tot 147468 in 0.05637812614440918
Dist 6 cnt 712032 tot 859500 in 0.1411259174346924
Dist 7 cnt 3782376 tot 4641876 in 0.5112168788909912
Dist 8 cnt 14705796 tot 19347672 in 1.394654989242554
Dist 9 cnt 17470272 tot 36817944 in 2.275013208389282
Dist 10 cnt 972336 tot 37790280 in 2.150340795516968
Dist 11 cnt 1080 tot 37791360 in 1.336272001266479
Dist 12 cnt 0 tot 37791360 in 1.977306127548218
Showing 20 antipodes.
Scramble noname
   CORNER
   3 1 2 4
    1 1 1 2
   CORNER2
   1 3 4 2
    1 1 1 1
   CENTER
   1 2 5 4 6 3
End
Scramble noname
   CORNER
   1 2 3 4
    2 2 2 0
   CORNER2
   1 2 3 4
    0 0 0 0
   CENTER
   4 1 3 2 5 6
End
Scramble noname
   CORNER
   3 1 2 4
    2 2 2 2
   CORNER2
   1 3 4 2
    1 2 2 2
   CENTER
   1 2 6 4 3 5
End
Scramble noname
   CORNER
   2 3 1 4
    1 1 1 1
   CORNER2
   1 4 2 3
    2 0 0 0
   CENTER
   2 4 3 1 5 6
End
Scramble noname
   CORNER
   2 3 1 4
    2 2 2 1
   CORNER2
   1 4 2 3
    2 2 2 2
   CENTER
   1 2 6 4 3 5
End
Scramble noname
   CORNER
   1 2 3 4
    1 1 1 0
   CORNER2
   1 2 3 4
    0 0 0 0
   CENTER
   2 4 3 1 5 6
End
Scramble noname
   CORNER
   2 3 1 4
    1 1 1 1
   CORNER2
   1 4 2 3
    2 1 1 1
   CENTER
   1 2 5 4 6 3
End
Scramble noname
   CORNER
   3 1 2 4
    2 2 2 2
   CORNER2
   1 3 4 2
    1 0 0 0
   CENTER
   4 1 3 2 5 6
End
Scramble noname
   CORNER
   1 2 3 4
    0 2 2 2
   CORNER2
   1 2 3 4
    0 0 0 0
   CENTER
   1 5 2 4 3 6
End
Scramble noname
   CORNER
   1 3 4 2
    2 1 1 1
   CORNER2
   4 2 1 3
    1 1 1 1
   CENTER
   6 2 3 1 5 4
End
Scramble noname
   CORNER
   1 4 2 3
    1 1 1 1
   CORNER2
   3 2 4 1
    0 2 0 0
   CENTER
   1 3 5 4 2 6
End
Scramble noname
   CORNER
   1 3 4 2
    2 2 2 2
   CORNER2
   4 2 1 3
    2 1 2 2
   CENTER
   4 2 3 6 5 1
End
Scramble noname
   CORNER
   1 3 4 2
    2 2 2 2
   CORNER2
   4 2 1 3
    0 1 0 0
   CENTER
   1 5 2 4 3 6
End
Scramble noname
   CORNER
   1 4 2 3
    1 1 1 1
   CORNER2
   3 2 4 1
    1 2 1 1
   CENTER
   6 2 3 1 5 4
End
Scramble noname
   CORNER
   1 2 3 4
    0 1 1 1
   CORNER2
   1 2 3 4
    0 0 0 0
   CENTER
   1 3 5 4 2 6
End
Scramble noname
   CORNER
   1 4 2 3
    1 2 2 2
   CORNER2
   3 2 4 1
    2 2 2 2
   CENTER
   4 2 3 6 5 1
End
Scramble noname
   CORNER
   2 4 3 1
    1 1 2 1
   CORNER2
   2 4 3 1
    1 1 1 1
   CENTER
   2 3 1 4 5 6
End
Scramble noname
   CORNER
   1 2 3 4
    2 2 0 2
   CORNER2
   1 2 3 4
    0 0 0 0
   CENTER
   1 2 3 6 4 5
End
Scramble noname
   CORNER
   2 4 3 1
    2 2 2 2
   CORNER2
   2 4 3 1
    2 2 1 2
   CENTER
   3 1 2 4 5 6
End
Scramble noname
   CORNER
   4 1 3 2
    1 1 1 1
   CORNER2
   4 1 3 2
    0 0 2 0
   CENTER
   1 2 3 5 6 4
End
