# This is twsearch 0.2 (C) 2020 Tomas Rokicki.
# ./twsearch -F -M 250000 -g samples/squareone.tws
Created new moves U2 U3 U4 U5 U6 U5' U4' U3' U2' U' D2 D3 D4 D5 D6 D5' D4' D3' D2' D'
State size is about 3.07762 x 10^19 log2 64.7384
Requiring 116 bits 16 bytes per entry; 16 from identity.
Found 4 canonical move states.
Calculated canonical states in 0.000418901
Using sorting bfs and arrays.
Dist 0 cnt 1 tot 1 in 7.295608520507812e-05
Dist 1 cnt 15 tot 16 in 3.099441528320312e-05
Dist 2 cnt 69 tot 85 in 0.0001771450042724609
Dist 3 cnt 212 tot 297 in 0.0006749629974365234
Dist 4 cnt 1141 tot 1438 in 0.002048969268798828
Dist 5 cnt 3933 tot 5371 in 0.005423069000244141
Dist 6 cnt 14029 tot 19400 in 0.01345586776733398
Dist 7 cnt 44188 tot 63588 in 0.04993414878845215
Dist 8 cnt 138952 tot 202540 in 0.1642827987670898
Dist 9 cnt 446720 tot 649260 in 0.6078829765319824
Dist 10 cnt 1316172 tot 1965432 in 1.833838224411011
Dist 11 cnt 4175446 tot 6140878 in 5.543402910232544
Dist 12 cnt 12147472 tot 18288350 in 18.39303493499756
Dist 13 cnt 37884628 tot 56172978 in 55.28535413742065
Dist 14 cnt 109466234 tot 165639212 in 179.3662848472595
Dist 15 cnt 332879292 tot 498518504 in 536.0407810211182
Dist 16 cnt 956379612 tot 1454898116 in 1693.173691034317
Dist 17 cnt 2830921668 tot 4285819784 in 4976.314066886902
Created 12596698719 elements in 1713.925641059875
to 3918238063 in 4429.201188087463
Created 12596698719 elements in 1139.952945947647
to 6108022862 in 4327.083492994308
Created 12596698719 elements in 839.0941450595856
to 7453401135 in 4284.848928928375
Dist 18 cnt 8002926230 tot 12288746014 in 3696.367151021957
Created 5550152101 elements in 750.8481619358063
to 2058067278 in 1951.045166015625
Created 5550152101 elements in 469.4776940345764
to 3286324516 in 1840.713402032852
Created 5550152101 elements in 305.8902060985565
to 4046048102 in 1762.420851945877
Created 5550152101 elements in 199.5632300376892
to 4534393767 in 1666.13729095459
Created 5550152101 elements in 135.9925398826599
to 4874679336 in 1605.590002059937
Created 5550152101 elements in 86.04631495475769
to 5072404391 in 1523.99142408371
Created 5550152101 elements in 62.37185192108154
