! out of memory
ch 0.2 (C) 2020 Tomas Rokicki.
# ./twsearch -M 30000 -g samples/Trajbers_octahedron.tws
Created new moves FRND2 FRND' BULM2 BULM' FDML2 FDML' BNRU2 BNRU' BMDN2 BMDN' FLUR2 FLUR'
State size is about 1.62012 x 10^20 log2 67.1347
Requiring 88 bits 12 bytes per entry; 12 from identity.
Found 7 canonical move states.
Calculated canonical states in 0.000233173
Using canonical sequences and arrays.
Dist 0 cnt 1 tot 1 in 3.480911254882812e-05
Dist 1 cnt 18 tot 19 in 1.311302185058594e-05
Dist 2 cnt 243 tot 262 in 7.700920104980469e-05
Dist 3 cnt 3240 tot 3502 in 0.001008987426757812
Dist 4 cnt 43239 tot 46741 in 0.01461291313171387
Dist 5 cnt 575256 tot 621997 in 0.2177131175994873
Dist 6 cnt 7635142 tot 8257139 in 3.305231094360352
Dist 7 cnt 101262054 tot 109519193 in 47.86811280250549
Dist 8 cnt 1341968521 tot 1451487714 in 590.8822860717773
Created 1169952285 elements in 187.6334609985352
to 1142698788 in 335.1428339481354
Created 1169952285 elements in 3.875034093856812
to 1169317170 in 235.8292360305786
Created 1169952285 elements in 0.08895087242126465
to 1169921551 in 225.2205879688263
Created 1169952285 elements in 0.004329204559326172
to 1169950838 in 212.1881937980652
Created 1169952285 elements in 0.0002591609954833984
to 1169952285 in 220.4900949001312
